<?xml version="1.0" encoding="UTF-8"?>
<TestRun id="13b9d976-29fe-4248-9bb4-67a2b66e032f" name="user@SLA 2017-01-27 16:15:16" runUser="sla\user" xmlns="http://microsoft.com/schemas/VisualStudio/TeamTest/2010">
  <TestSettings name="Default Test Settings" id="7cb120b7-e06c-4dbe-97b5-954d3bfb0140">
    <Deployment userDeploymentRoot="d:\work\!Prog\repo\OnvifProxy\OnvifProxyUnitTests\bin\Debug" useDefaultDeploymentRoot="false" runDeploymentRoot="user_SLA 2017-01-27 16_15_16" />
    <Execution>
      <TestTypeSpecific />
      <AgentRule name="Execution Agents">
      </AgentRule>
    </Execution>
    <Properties />
  </TestSettings>
  <Times creation="2017-01-27T16:15:16.3324328+03:00" queuing="2017-01-27T16:15:19.4861735+03:00" start="2017-01-27T16:15:19.7408388+03:00" finish="2017-01-27T16:15:26.8184607+03:00" />
  <ResultSummary outcome="Failed">
    <Counters total="13" executed="13" passed="7" error="0" failed="6" timeout="0" aborted="0" inconclusive="0" passedButRunAborted="0" notRunnable="0" notExecuted="0" disconnected="0" warning="0" completed="0" inProgress="0" pending="0" />
  </ResultSummary>
  <TestDefinitions>
    <UnitTest name="GetTaskStatus_shouldPass" storage="d:\work\!prog\repo\onvifproxy\onvifproxyunittests\bin\debug\onvifproxyunittests.dll" id="b19ad204-accb-f6ee-3419-3df9529c5742">
      <Execution id="e0ecb73f-2042-4505-949a-10fd3c9b719f" />
      <TestMethod codeBase="d:/work/!Prog/repo/OnvifProxy/OnvifProxyUnitTests/bin/Debug/OnvifProxyUnitTests.DLL" adapterTypeName="Microsoft.VisualStudio.TestTools.TestTypes.Unit.UnitTestAdapter, Microsoft.VisualStudio.QualityTools.Tips.UnitTest.Adapter, Version=12.0.0.0, Culture=neutral, PublicKeyToken=b03f5f7f11d50a3a" className="OnvifProxyTests.TaskManagerTests, OnvifProxyUnitTests, Version=1.0.0.0, Culture=neutral, PublicKeyToken=null" name="GetTaskStatus_shouldPass" />
    </UnitTest>
    <UnitTest name="DeleteTask_wrongTaskToken_shouldFail" storage="d:\work\!prog\repo\onvifproxy\onvifproxyunittests\bin\debug\onvifproxyunittests.dll" id="89b63a10-8817-cd99-628d-34ff850fd184">
      <Execution id="39884322-e9f8-459a-a98c-3a32a449eedf" />
      <TestMethod codeBase="d:/work/!Prog/repo/OnvifProxy/OnvifProxyUnitTests/bin/Debug/OnvifProxyUnitTests.DLL" adapterTypeName="Microsoft.VisualStudio.TestTools.TestTypes.Unit.UnitTestAdapter, Microsoft.VisualStudio.QualityTools.Tips.UnitTest.Adapter, Version=12.0.0.0, Culture=neutral, PublicKeyToken=b03f5f7f11d50a3a" className="OnvifProxyTests.TaskManagerTests, OnvifProxyUnitTests, Version=1.0.0.0, Culture=neutral, PublicKeyToken=null" name="DeleteTask_wrongTaskToken_shouldFail" />
    </UnitTest>
    <UnitTest name="CreateTaskTest_wrongTask_shouldFail" storage="d:\work\!prog\repo\onvifproxy\onvifproxyunittests\bin\debug\onvifproxyunittests.dll" id="6ad7c180-ead6-e79c-8244-8548604ad0f4">
      <Execution id="6b8ed294-ac6f-4164-bdb3-d71e3ed4bb63" />
      <TestMethod codeBase="d:/work/!Prog/repo/OnvifProxy/OnvifProxyUnitTests/bin/Debug/OnvifProxyUnitTests.DLL" adapterTypeName="Microsoft.VisualStudio.TestTools.TestTypes.Unit.UnitTestAdapter, Microsoft.VisualStudio.QualityTools.Tips.UnitTest.Adapter, Version=12.0.0.0, Culture=neutral, PublicKeyToken=b03f5f7f11d50a3a" className="OnvifProxyTests.TaskManagerTests, OnvifProxyUnitTests, Version=1.0.0.0, Culture=neutral, PublicKeyToken=null" name="CreateTaskTest_wrongTask_shouldFail" />
    </UnitTest>
    <UnitTest name="DeleteTask_whitespaceTaskToken_shouldFail" storage="d:\work\!prog\repo\onvifproxy\onvifproxyunittests\bin\debug\onvifproxyunittests.dll" id="33bbcbf9-3609-55b6-a549-5bff94b9b56f">
      <Execution id="e12a047e-8515-42b7-9b56-7bf2ce9625d8" />
      <TestMethod codeBase="d:/work/!Prog/repo/OnvifProxy/OnvifProxyUnitTests/bin/Debug/OnvifProxyUnitTests.DLL" adapterTypeName="Microsoft.VisualStudio.TestTools.TestTypes.Unit.UnitTestAdapter, Microsoft.VisualStudio.QualityTools.Tips.UnitTest.Adapter, Version=12.0.0.0, Culture=neutral, PublicKeyToken=b03f5f7f11d50a3a" className="OnvifProxyTests.TaskManagerTests, OnvifProxyUnitTests, Version=1.0.0.0, Culture=neutral, PublicKeyToken=null" name="DeleteTask_whitespaceTaskToken_shouldFail" />
    </UnitTest>
    <UnitTest name="DeleteTask_shouldPass" storage="d:\work\!prog\repo\onvifproxy\onvifproxyunittests\bin\debug\onvifproxyunittests.dll" id="ed85129d-6ae9-6cfd-b11b-e1f865f70963">
      <Execution id="bfcc088c-1f5b-47f8-8d91-b45c2aab891d" />
      <TestMethod codeBase="d:/work/!Prog/repo/OnvifProxy/OnvifProxyUnitTests/bin/Debug/OnvifProxyUnitTests.DLL" adapterTypeName="Microsoft.VisualStudio.TestTools.TestTypes.Unit.UnitTestAdapter, Microsoft.VisualStudio.QualityTools.Tips.UnitTest.Adapter, Version=12.0.0.0, Culture=neutral, PublicKeyToken=b03f5f7f11d50a3a" className="OnvifProxyTests.TaskManagerTests, OnvifProxyUnitTests, Version=1.0.0.0, Culture=neutral, PublicKeyToken=null" name="DeleteTask_shouldPass" />
    </UnitTest>
    <UnitTest name="CreateTaskTest_wrongTimeEnd_shouldFail" storage="d:\work\!prog\repo\onvifproxy\onvifproxyunittests\bin\debug\onvifproxyunittests.dll" id="eab42a35-7d9b-bbac-30d2-684f4b7355fb">
      <Execution id="801a160d-29e8-423c-b60f-666042d25991" />
      <TestMethod codeBase="d:/work/!Prog/repo/OnvifProxy/OnvifProxyUnitTests/bin/Debug/OnvifProxyUnitTests.DLL" adapterTypeName="Microsoft.VisualStudio.TestTools.TestTypes.Unit.UnitTestAdapter, Microsoft.VisualStudio.QualityTools.Tips.UnitTest.Adapter, Version=12.0.0.0, Culture=neutral, PublicKeyToken=b03f5f7f11d50a3a" className="OnvifProxyTests.TaskManagerTests, OnvifProxyUnitTests, Version=1.0.0.0, Culture=neutral, PublicKeyToken=null" name="CreateTaskTest_wrongTimeEnd_shouldFail" />
    </UnitTest>
    <UnitTest name="CreateTaskTest_TimeBeginTimeEndChanged_shouldFail" storage="d:\work\!prog\repo\onvifproxy\onvifproxyunittests\bin\debug\onvifproxyunittests.dll" id="e9eb57f3-2734-2407-b899-19eac1b918f1">
      <Execution id="0d99ee19-ac97-4e62-8726-f7a107374b30" />
      <TestMethod codeBase="d:/work/!Prog/repo/OnvifProxy/OnvifProxyUnitTests/bin/Debug/OnvifProxyUnitTests.DLL" adapterTypeName="Microsoft.VisualStudio.TestTools.TestTypes.Unit.UnitTestAdapter, Microsoft.VisualStudio.QualityTools.Tips.UnitTest.Adapter, Version=12.0.0.0, Culture=neutral, PublicKeyToken=b03f5f7f11d50a3a" className="OnvifProxyTests.TaskManagerTests, OnvifProxyUnitTests, Version=1.0.0.0, Culture=neutral, PublicKeyToken=null" name="CreateTaskTest_TimeBeginTimeEndChanged_shouldFail" />
    </UnitTest>
    <UnitTest name="GetTaskResults_wrongRequest_shouldFail" storage="d:\work\!prog\repo\onvifproxy\onvifproxyunittests\bin\debug\onvifproxyunittests.dll" id="a4c189f2-b77f-e36f-a19f-5d5803d679de">
      <Execution id="09c68599-6e06-462b-a5b5-2c961265248e" />
      <TestMethod codeBase="d:/work/!Prog/repo/OnvifProxy/OnvifProxyUnitTests/bin/Debug/OnvifProxyUnitTests.DLL" adapterTypeName="Microsoft.VisualStudio.TestTools.TestTypes.Unit.UnitTestAdapter, Microsoft.VisualStudio.QualityTools.Tips.UnitTest.Adapter, Version=12.0.0.0, Culture=neutral, PublicKeyToken=b03f5f7f11d50a3a" className="OnvifProxyTests.TaskManagerTests, OnvifProxyUnitTests, Version=1.0.0.0, Culture=neutral, PublicKeyToken=null" name="GetTaskResults_wrongRequest_shouldFail" />
    </UnitTest>
    <UnitTest name="GetTaskResults_shouldPass" storage="d:\work\!prog\repo\onvifproxy\onvifproxyunittests\bin\debug\onvifproxyunittests.dll" id="877797a7-cd62-fdcb-e6b3-af4db6b9b4c7">
      <Execution id="d85d8b10-133d-4475-93e5-c8a7e991f6b3" />
      <TestMethod codeBase="d:/work/!Prog/repo/OnvifProxy/OnvifProxyUnitTests/bin/Debug/OnvifProxyUnitTests.DLL" adapterTypeName="Microsoft.VisualStudio.TestTools.TestTypes.Unit.UnitTestAdapter, Microsoft.VisualStudio.QualityTools.Tips.UnitTest.Adapter, Version=12.0.0.0, Culture=neutral, PublicKeyToken=b03f5f7f11d50a3a" className="OnvifProxyTests.TaskManagerTests, OnvifProxyUnitTests, Version=1.0.0.0, Culture=neutral, PublicKeyToken=null" name="GetTaskResults_shouldPass" />
    </UnitTest>
    <UnitTest name="CreateTaskTest_wrongTimeBegin_shouldFail" storage="d:\work\!prog\repo\onvifproxy\onvifproxyunittests\bin\debug\onvifproxyunittests.dll" id="59da78c7-1e1a-e31d-6682-22083d0add6c">
      <Execution id="5e947f4c-828c-4a62-ad66-cc7d8732a308" />
      <TestMethod codeBase="d:/work/!Prog/repo/OnvifProxy/OnvifProxyUnitTests/bin/Debug/OnvifProxyUnitTests.DLL" adapterTypeName="Microsoft.VisualStudio.TestTools.TestTypes.Unit.UnitTestAdapter, Microsoft.VisualStudio.QualityTools.Tips.UnitTest.Adapter, Version=12.0.0.0, Culture=neutral, PublicKeyToken=b03f5f7f11d50a3a" className="OnvifProxyTests.TaskManagerTests, OnvifProxyUnitTests, Version=1.0.0.0, Culture=neutral, PublicKeyToken=null" name="CreateTaskTest_wrongTimeBegin_shouldFail" />
    </UnitTest>
    <UnitTest name="CreateTaskTest_shouldPass" storage="d:\work\!prog\repo\onvifproxy\onvifproxyunittests\bin\debug\onvifproxyunittests.dll" id="874a0780-7628-28dd-b6fc-d61823b015d6">
      <Execution id="62fdf1e5-1fe8-47ec-8415-86c9165e5a20" />
      <TestMethod codeBase="d:/work/!Prog/repo/OnvifProxy/OnvifProxyUnitTests/bin/Debug/OnvifProxyUnitTests.DLL" adapterTypeName="Microsoft.VisualStudio.TestTools.TestTypes.Unit.UnitTestAdapter, Microsoft.VisualStudio.QualityTools.Tips.UnitTest.Adapter, Version=12.0.0.0, Culture=neutral, PublicKeyToken=b03f5f7f11d50a3a" className="OnvifProxyTests.TaskManagerTests, OnvifProxyUnitTests, Version=1.0.0.0, Culture=neutral, PublicKeyToken=null" name="CreateTaskTest_shouldPass" />
    </UnitTest>
    <UnitTest name="CreateTaskTest_wrongFeedback_shouldFail" storage="d:\work\!prog\repo\onvifproxy\onvifproxyunittests\bin\debug\onvifproxyunittests.dll" id="64ef1f03-b1e8-4376-4dac-3fe424385bae">
      <Execution id="36ede0a1-5e05-4517-ac0a-db9de7f3769a" />
      <TestMethod codeBase="d:/work/!Prog/repo/OnvifProxy/OnvifProxyUnitTests/bin/Debug/OnvifProxyUnitTests.DLL" adapterTypeName="Microsoft.VisualStudio.TestTools.TestTypes.Unit.UnitTestAdapter, Microsoft.VisualStudio.QualityTools.Tips.UnitTest.Adapter, Version=12.0.0.0, Culture=neutral, PublicKeyToken=b03f5f7f11d50a3a" className="OnvifProxyTests.TaskManagerTests, OnvifProxyUnitTests, Version=1.0.0.0, Culture=neutral, PublicKeyToken=null" name="CreateTaskTest_wrongFeedback_shouldFail" />
    </UnitTest>
    <UnitTest name="GetTaskStatus_wrongRequest_shouldFail" storage="d:\work\!prog\repo\onvifproxy\onvifproxyunittests\bin\debug\onvifproxyunittests.dll" id="742a9fed-e19a-2916-0857-5c37e3f1f9f3">
      <Execution id="2d87c828-2651-44b2-aede-93cd668e50fd" />
      <TestMethod codeBase="d:/work/!Prog/repo/OnvifProxy/OnvifProxyUnitTests/bin/Debug/OnvifProxyUnitTests.DLL" adapterTypeName="Microsoft.VisualStudio.TestTools.TestTypes.Unit.UnitTestAdapter, Microsoft.VisualStudio.QualityTools.Tips.UnitTest.Adapter, Version=12.0.0.0, Culture=neutral, PublicKeyToken=b03f5f7f11d50a3a" className="OnvifProxyTests.TaskManagerTests, OnvifProxyUnitTests, Version=1.0.0.0, Culture=neutral, PublicKeyToken=null" name="GetTaskStatus_wrongRequest_shouldFail" />
    </UnitTest>
  </TestDefinitions>
  <TestLists>
    <TestList name="Results Not in a List" id="8c84fa94-04c1-424b-9868-57a2d4851a1d" />
    <TestList name="All Loaded Results" id="19431567-8539-422a-85d7-44ee4e166bda" />
  </TestLists>
  <TestEntries>
    <TestEntry testId="874a0780-7628-28dd-b6fc-d61823b015d6" executionId="62fdf1e5-1fe8-47ec-8415-86c9165e5a20" testListId="8c84fa94-04c1-424b-9868-57a2d4851a1d" />
    <TestEntry testId="e9eb57f3-2734-2407-b899-19eac1b918f1" executionId="0d99ee19-ac97-4e62-8726-f7a107374b30" testListId="8c84fa94-04c1-424b-9868-57a2d4851a1d" />
    <TestEntry testId="64ef1f03-b1e8-4376-4dac-3fe424385bae" executionId="36ede0a1-5e05-4517-ac0a-db9de7f3769a" testListId="8c84fa94-04c1-424b-9868-57a2d4851a1d" />
    <TestEntry testId="6ad7c180-ead6-e79c-8244-8548604ad0f4" executionId="6b8ed294-ac6f-4164-bdb3-d71e3ed4bb63" testListId="8c84fa94-04c1-424b-9868-57a2d4851a1d" />
    <TestEntry testId="59da78c7-1e1a-e31d-6682-22083d0add6c" executionId="5e947f4c-828c-4a62-ad66-cc7d8732a308" testListId="8c84fa94-04c1-424b-9868-57a2d4851a1d" />
    <TestEntry testId="eab42a35-7d9b-bbac-30d2-684f4b7355fb" executionId="801a160d-29e8-423c-b60f-666042d25991" testListId="8c84fa94-04c1-424b-9868-57a2d4851a1d" />
    <TestEntry testId="ed85129d-6ae9-6cfd-b11b-e1f865f70963" executionId="bfcc088c-1f5b-47f8-8d91-b45c2aab891d" testListId="8c84fa94-04c1-424b-9868-57a2d4851a1d" />
    <TestEntry testId="33bbcbf9-3609-55b6-a549-5bff94b9b56f" executionId="e12a047e-8515-42b7-9b56-7bf2ce9625d8" testListId="8c84fa94-04c1-424b-9868-57a2d4851a1d" />
    <TestEntry testId="89b63a10-8817-cd99-628d-34ff850fd184" executionId="39884322-e9f8-459a-a98c-3a32a449eedf" testListId="8c84fa94-04c1-424b-9868-57a2d4851a1d" />
    <TestEntry testId="877797a7-cd62-fdcb-e6b3-af4db6b9b4c7" executionId="d85d8b10-133d-4475-93e5-c8a7e991f6b3" testListId="8c84fa94-04c1-424b-9868-57a2d4851a1d" />
    <TestEntry testId="a4c189f2-b77f-e36f-a19f-5d5803d679de" executionId="09c68599-6e06-462b-a5b5-2c961265248e" testListId="8c84fa94-04c1-424b-9868-57a2d4851a1d" />
    <TestEntry testId="b19ad204-accb-f6ee-3419-3df9529c5742" executionId="e0ecb73f-2042-4505-949a-10fd3c9b719f" testListId="8c84fa94-04c1-424b-9868-57a2d4851a1d" />
    <TestEntry testId="742a9fed-e19a-2916-0857-5c37e3f1f9f3" executionId="2d87c828-2651-44b2-aede-93cd668e50fd" testListId="8c84fa94-04c1-424b-9868-57a2d4851a1d" />
  </TestEntries>
  <Results>
    <UnitTestResult executionId="62fdf1e5-1fe8-47ec-8415-86c9165e5a20" testId="874a0780-7628-28dd-b6fc-d61823b015d6" testName="CreateTaskTest_shouldPass" computerName="SLA" duration="00:00:00.3767165" startTime="2017-01-27T16:15:20.3189979+03:00" endTime="2017-01-27T16:15:21.5837317+03:00" testType="13cdc9d9-ddb5-4fa4-a97d-d965ccfc6d4b" outcome="Failed" testListId="8c84fa94-04c1-424b-9868-57a2d4851a1d" relativeResultsDirectory="62fdf1e5-1fe8-47ec-8415-86c9165e5a20">
      <Output>
        <ErrorInfo>
          <Message>Test method OnvifProxyTests.TaskManagerTests.CreateTaskTest_shouldPass threw exception: 
System.ServiceModel.FaultException: Invalid Tasks Args</Message>
          <StackTrace>    в OnvifProxy.Service1.CreateTask(XmlElement Task, DateTime TimeBegin, DateTime TimeEnd, FeedbackType Feedback) в d:\work\!Prog\repo\OnvifProxy\OnvifProxy\Service1.svc.cs:строка 5591
   в OnvifProxyTests.TaskManagerTests.CreateTaskTest_shouldPass() в d:\work\!Prog\repo\OnvifProxy\OnvifProxyUnitTests\TaskManagerTests.cs:строка 245
</StackTrace>
        </ErrorInfo>
      </Output>
    </UnitTestResult>
    <UnitTestResult executionId="0d99ee19-ac97-4e62-8726-f7a107374b30" testId="e9eb57f3-2734-2407-b899-19eac1b918f1" testName="CreateTaskTest_TimeBeginTimeEndChanged_shouldFail" computerName="SLA" duration="00:00:00.0007834" startTime="2017-01-27T16:15:21.5837317+03:00" endTime="2017-01-27T16:15:21.5837317+03:00" testType="13cdc9d9-ddb5-4fa4-a97d-d965ccfc6d4b" outcome="Passed" testListId="8c84fa94-04c1-424b-9868-57a2d4851a1d" relativeResultsDirectory="0d99ee19-ac97-4e62-8726-f7a107374b30">
    </UnitTestResult>
    <UnitTestResult executionId="36ede0a1-5e05-4517-ac0a-db9de7f3769a" testId="64ef1f03-b1e8-4376-4dac-3fe424385bae" testName="CreateTaskTest_wrongFeedback_shouldFail" computerName="SLA" duration="00:00:00.0004882" startTime="2017-01-27T16:15:21.5837317+03:00" endTime="2017-01-27T16:15:21.5993561+03:00" testType="13cdc9d9-ddb5-4fa4-a97d-d965ccfc6d4b" outcome="Passed" testListId="8c84fa94-04c1-424b-9868-57a2d4851a1d" relativeResultsDirectory="36ede0a1-5e05-4517-ac0a-db9de7f3769a">
    </UnitTestResult>
    <UnitTestResult executionId="6b8ed294-ac6f-4164-bdb3-d71e3ed4bb63" testId="6ad7c180-ead6-e79c-8244-8548604ad0f4" testName="CreateTaskTest_wrongTask_shouldFail" computerName="SLA" duration="00:00:00.0003915" startTime="2017-01-27T16:15:21.5993561+03:00" endTime="2017-01-27T16:15:21.5993561+03:00" testType="13cdc9d9-ddb5-4fa4-a97d-d965ccfc6d4b" outcome="Passed" testListId="8c84fa94-04c1-424b-9868-57a2d4851a1d" relativeResultsDirectory="6b8ed294-ac6f-4164-bdb3-d71e3ed4bb63">
    </UnitTestResult>
    <UnitTestResult executionId="5e947f4c-828c-4a62-ad66-cc7d8732a308" testId="59da78c7-1e1a-e31d-6682-22083d0add6c" testName="CreateTaskTest_wrongTimeBegin_shouldFail" computerName="SLA" duration="00:00:00.0003299" startTime="2017-01-27T16:15:21.5993561+03:00" endTime="2017-01-27T16:15:21.5993561+03:00" testType="13cdc9d9-ddb5-4fa4-a97d-d965ccfc6d4b" outcome="Passed" testListId="8c84fa94-04c1-424b-9868-57a2d4851a1d" relativeResultsDirectory="5e947f4c-828c-4a62-ad66-cc7d8732a308">
    </UnitTestResult>
    <UnitTestResult executionId="801a160d-29e8-423c-b60f-666042d25991" testId="eab42a35-7d9b-bbac-30d2-684f4b7355fb" testName="CreateTaskTest_wrongTimeEnd_shouldFail" computerName="SLA" duration="00:00:00.0004036" startTime="2017-01-27T16:15:21.6149817+03:00" endTime="2017-01-27T16:15:21.6149817+03:00" testType="13cdc9d9-ddb5-4fa4-a97d-d965ccfc6d4b" outcome="Passed" testListId="8c84fa94-04c1-424b-9868-57a2d4851a1d" relativeResultsDirectory="801a160d-29e8-423c-b60f-666042d25991">
    </UnitTestResult>
    <UnitTestResult executionId="bfcc088c-1f5b-47f8-8d91-b45c2aab891d" testId="ed85129d-6ae9-6cfd-b11b-e1f865f70963" testName="DeleteTask_shouldPass" computerName="SLA" duration="00:00:00.0047860" startTime="2017-01-27T16:15:21.7556151+03:00" endTime="2017-01-27T16:15:21.7556151+03:00" testType="13cdc9d9-ddb5-4fa4-a97d-d965ccfc6d4b" outcome="Failed" testListId="8c84fa94-04c1-424b-9868-57a2d4851a1d" relativeResultsDirectory="bfcc088c-1f5b-47f8-8d91-b45c2aab891d">
      <Output>
        <ErrorInfo>
          <Message>Test method OnvifProxyTests.TaskManagerTests.DeleteTask_shouldPass threw exception: 
System.ServiceModel.FaultException: InvalidTime</Message>
          <StackTrace>    в OnvifProxy.Service1.CreateTask(XmlElement Task, DateTime TimeBegin, DateTime TimeEnd, FeedbackType Feedback) в d:\work\!Prog\repo\OnvifProxy\OnvifProxy\Service1.svc.cs:строка 5524
   в OnvifProxyTests.TaskManagerTests.DeleteTask_shouldPass() в d:\work\!Prog\repo\OnvifProxy\OnvifProxyUnitTests\TaskManagerTests.cs:строка 437
</StackTrace>
        </ErrorInfo>
      </Output>
    </UnitTestResult>
    <UnitTestResult executionId="e12a047e-8515-42b7-9b56-7bf2ce9625d8" testId="33bbcbf9-3609-55b6-a549-5bff94b9b56f" testName="DeleteTask_whitespaceTaskToken_shouldFail" computerName="SLA" duration="00:00:00.0010051" startTime="2017-01-27T16:15:21.7712404+03:00" endTime="2017-01-27T16:15:21.7712404+03:00" testType="13cdc9d9-ddb5-4fa4-a97d-d965ccfc6d4b" outcome="Passed" testListId="8c84fa94-04c1-424b-9868-57a2d4851a1d" relativeResultsDirectory="e12a047e-8515-42b7-9b56-7bf2ce9625d8">
    </UnitTestResult>
    <UnitTestResult executionId="39884322-e9f8-459a-a98c-3a32a449eedf" testId="89b63a10-8817-cd99-628d-34ff850fd184" testName="DeleteTask_wrongTaskToken_shouldFail" computerName="SLA" duration="00:00:04.6946323" startTime="2017-01-27T16:15:21.7868661+03:00" endTime="2017-01-27T16:15:26.4903186+03:00" testType="13cdc9d9-ddb5-4fa4-a97d-d965ccfc6d4b" outcome="Passed" testListId="8c84fa94-04c1-424b-9868-57a2d4851a1d" relativeResultsDirectory="39884322-e9f8-459a-a98c-3a32a449eedf">
    </UnitTestResult>
    <UnitTestResult executionId="d85d8b10-133d-4475-93e5-c8a7e991f6b3" testId="877797a7-cd62-fdcb-e6b3-af4db6b9b4c7" testName="GetTaskResults_shouldPass" computerName="SLA" duration="00:00:00.0822575" startTime="2017-01-27T16:15:26.4903186+03:00" endTime="2017-01-27T16:15:26.5684453+03:00" testType="13cdc9d9-ddb5-4fa4-a97d-d965ccfc6d4b" outcome="Failed" testListId="8c84fa94-04c1-424b-9868-57a2d4851a1d" relativeResultsDirectory="d85d8b10-133d-4475-93e5-c8a7e991f6b3">
      <Output>
        <ErrorInfo>
          <Message>Test method OnvifProxyTests.TaskManagerTests.GetTaskResults_shouldPass threw exception: 
System.ServiceModel.FaultException: InvalidTime</Message>
          <StackTrace>    в OnvifProxy.Service1.CreateTask(XmlElement Task, DateTime TimeBegin, DateTime TimeEnd, FeedbackType Feedback) в d:\work\!Prog\repo\OnvifProxy\OnvifProxy\Service1.svc.cs:строка 5524
   в OnvifProxyTests.TaskManagerTests.GetTaskResults_shouldPass() в d:\work\!Prog\repo\OnvifProxy\OnvifProxyUnitTests\TaskManagerTests.cs:строка 378
</StackTrace>
        </ErrorInfo>
      </Output>
    </UnitTestResult>
    <UnitTestResult executionId="09c68599-6e06-462b-a5b5-2c961265248e" testId="a4c189f2-b77f-e36f-a19f-5d5803d679de" testName="GetTaskResults_wrongRequest_shouldFail" computerName="SLA" duration="00:00:00.0575127" startTime="2017-01-27T16:15:26.5840710+03:00" endTime="2017-01-27T16:15:26.6465748+03:00" testType="13cdc9d9-ddb5-4fa4-a97d-d965ccfc6d4b" outcome="Failed" testListId="8c84fa94-04c1-424b-9868-57a2d4851a1d" relativeResultsDirectory="09c68599-6e06-462b-a5b5-2c961265248e">
      <Output>
        <ErrorInfo>
          <Message>Assert.Fail failed. </Message>
          <StackTrace>   в OnvifProxyTests.TaskManagerTests.GetTaskResults_wrongRequest_shouldFail() в d:\work\!Prog\repo\OnvifProxy\OnvifProxyUnitTests\TaskManagerTests.cs:строка 336
</StackTrace>
        </ErrorInfo>
      </Output>
    </UnitTestResult>
    <UnitTestResult executionId="e0ecb73f-2042-4505-949a-10fd3c9b719f" testId="b19ad204-accb-f6ee-3419-3df9529c5742" testName="GetTaskStatus_shouldPass" computerName="SLA" duration="00:00:00.0026933" startTime="2017-01-27T16:15:26.6465748+03:00" endTime="2017-01-27T16:15:26.6465748+03:00" testType="13cdc9d9-ddb5-4fa4-a97d-d965ccfc6d4b" outcome="Failed" testListId="8c84fa94-04c1-424b-9868-57a2d4851a1d" relativeResultsDirectory="e0ecb73f-2042-4505-949a-10fd3c9b719f">
      <Output>
        <ErrorInfo>
          <Message>Test method OnvifProxyTests.TaskManagerTests.GetTaskStatus_shouldPass threw exception: 
System.ServiceModel.FaultException: InvalidTime</Message>
          <StackTrace>    в OnvifProxy.Service1.CreateTask(XmlElement Task, DateTime TimeBegin, DateTime TimeEnd, FeedbackType Feedback) в d:\work\!Prog\repo\OnvifProxy\OnvifProxy\Service1.svc.cs:строка 5524
   в OnvifProxyTests.TaskManagerTests.GetTaskStatus_shouldPass() в d:\work\!Prog\repo\OnvifProxy\OnvifProxyUnitTests\TaskManagerTests.cs:строка 312
</StackTrace>
        </ErrorInfo>
      </Output>
    </UnitTestResult>
    <UnitTestResult executionId="2d87c828-2651-44b2-aede-93cd668e50fd" testId="742a9fed-e19a-2916-0857-5c37e3f1f9f3" testName="GetTaskStatus_wrongRequest_shouldFail" computerName="SLA" duration="00:00:00.0023394" startTime="2017-01-27T16:15:26.6778265+03:00" endTime="2017-01-27T16:15:26.6778265+03:00" testType="13cdc9d9-ddb5-4fa4-a97d-d965ccfc6d4b" outcome="Failed" testListId="8c84fa94-04c1-424b-9868-57a2d4851a1d" relativeResultsDirectory="2d87c828-2651-44b2-aede-93cd668e50fd">
      <Output>
        <ErrorInfo>
          <Message>Test method OnvifProxyTests.TaskManagerTests.GetTaskStatus_wrongRequest_shouldFail threw exception: 
System.NotImplementedException: Метод или операция не реализована.</Message>
          <StackTrace>    в OnvifProxy.Service1.GetTaskStatus(GetTaskStatusRequest request) в d:\work\!Prog\repo\OnvifProxy\OnvifProxy\Service1.svc.cs:строка 5598
   в OnvifProxyTests.TaskManagerTests.GetTaskStatus_wrongRequest_shouldFail() в d:\work\!Prog\repo\OnvifProxy\OnvifProxyUnitTests\TaskManagerTests.cs:строка 265
</StackTrace>
        </ErrorInfo>
      </Output>
    </UnitTestResult>
  </Results>
</TestRun>